<?xml version="1.0" encoding="utf-8"?><testsuites name="pytest tests"><testsuite name="pytest" errors="0" failures="0" skipped="0" tests="6" time="4.008" timestamp="2026-07-22T09:25:22.349690+00:00" hostname="agent-env-d7930271-fa67-4ca1-8a27-93263b060762"><testcase classname="tests.test_comment_edit" name="test_owner_can_edit_own_comment" time="0.899" /><testcase classname="tests.test_comment_edit" name="test_non_owner_employee_cannot_edit" time="0.756" /><testcase classname="tests.test_comment_edit" name="test_admin_cannot_edit_others_comment" time="0.850" /><testcase classname="tests.test_comment_edit" name="test_edit_requires_auth" time="0.389" /><testcase classname="tests.test_comment_edit" name="test_edit_empty_text_422" time="0.397" /><testcase classname="tests.test_comment_edit" name="test_edit_nonexistent_comment_404" time="0.236" /></testsuite></testsuites>