<?xml version="1.0" encoding="utf-8"?><testsuites name="pytest tests"><testsuite name="pytest" errors="0" failures="0" skipped="1" tests="14" time="4.067" timestamp="2026-07-22T08:09:21.650502+00:00" hostname="agent-env-d7930271-fa67-4ca1-8a27-93263b060762"><testcase classname="tests.test_backend" name="test_admin_login_role" time="0.432" /><testcase classname="tests.test_backend" name="test_employee_login_role" time="0.329" /><testcase classname="tests.test_backend" name="test_list_queries_has_new_fields" time="0.103" /><testcase classname="tests.test_backend" name="test_total_employees_matches_role_employee" time="0.262" /><testcase classname="tests.test_backend" name="test_comment_requires_auth" time="0.199" /><testcase classname="tests.test_backend" name="test_add_comment_and_participants" time="0.098" /><testcase classname="tests.test_backend" name="test_non_owner_cannot_delete" time="0.507" /><testcase classname="tests.test_backend" name="test_admin_can_delete_any_comment" time="0.204" /><testcase classname="tests.test_backend" name="test_owner_can_delete_own" time="0.128" /><testcase classname="tests.test_backend" name="test_comment_length_validation" time="0.100" /><testcase classname="tests.test_backend" name="test_new_comment_triggers_notification" time="0.563"><skipped type="pytest.skip" message="cannot login as AP10000">/app/backend/tests/test_backend.py:178: cannot login as AP10000</skipped></testcase><testcase classname="tests.test_backend" name="test_admin_analytics_requires_admin" time="0.093" /><testcase classname="tests.test_backend" name="test_admin_analytics_shape" time="0.107" /><testcase classname="tests.test_backend" name="test_delete_query_cascades_comments" time="0.429" /></testsuite></testsuites>